Added Component: Designator=BF1(BUZ: AT-0927-TT-6-R)
Add component. Clean all parameters for all variants
Add component (AddParameter): Name = "CurrentMax"; Value = "80mA"; VariantName = "[No Variations]"
Add component (AddParameter): Name = "Frequency"; Value = "2.73 kHz"; VariantName = "[No Variations]"
Add component (AddParameter): Name = "HelpURL"; Value = "https://www.digikey.com/products/en?keywords=AT-0927-TT-6-R"; VariantName = "[No Variations]"
Add component (AddParameter): Name = "Manufacturer"; Value = "PUI Audio"; VariantName = "[No Variations]"
Add component (AddParameter): Name = "PartNumber"; Value = "AT-0927-TT-6-R"; VariantName = "[No Variations]"
Add component (AddParameter): Name = "Temperature"; Value = "-20...+70°C"; VariantName = "[No Variations]"
Add component (AddParameter): Name = "TypeBuzzer"; Value = "DIP switch"; VariantName = "[No Variations]"
Add component (AddParameter): Name = "ValueManufacturerPartNumber"; Value = "DIP switch, 2.73 kHz, 3VDC, 80mA, -20...+70°C"; VariantName = "[No Variations]"
Add component (AddParameter): Name = "VoltageMax"; Value = "3VDC"; VariantName = "[No Variations]"
Added Component: Designator=BT1(BAT-2)
Add component. Clean all parameters for all variants
Add component (AddParameter): Name = "LatestRevisionDate"; Value = "17-Jul-2002"; VariantName = "[No Variations]"
Add component (AddParameter): Name = "LatestRevisionNote"; Value = "Re-released for DXP Platform."; VariantName = "[No Variations]"
Add component (AddParameter): Name = "PackageDescription"; Value = "Battery; 2 Leads"; VariantName = "[No Variations]"
Add component (AddParameter): Name = "PackageReference"; Value = "BAT-2"; VariantName = "[No Variations]"
Add component (AddParameter): Name = "Published"; Value = "24-Mar-1999"; VariantName = "[No Variations]"
Add component (AddParameter): Name = "Publisher"; Value = "Altium Limited"; VariantName = "[No Variations]"
Added Component: Designator=C1(CAP: 1206)
Add component. Clean all parameters for all variants
Add component (AddParameter): Name = "HelpURL"; Value = "https://www.digikey.com/product-detail/en/yageo/CC1206KRX7R9BB104/311-1179-1-ND/303089"; VariantName = "[No Variations]"
Add component (AddParameter): Name = "Manufacturer"; Value = "Yageo"; VariantName = "[No Variations]"
Add component (AddParameter): Name = "Package"; Value = "1206"; VariantName = "[No Variations]"
Add component (AddParameter): Name = "PartNumber"; Value = "CC1206KRX7R9BB104"; VariantName = "[No Variations]"
Add component (AddParameter): Name = "Temperature"; Value = "-55...+125°C"; VariantName = "[No Variations]"
Add component (AddParameter): Name = "Tolerance"; Value = "±10%"; VariantName = "[No Variations]"
Add component (AddParameter): Name = "TypeCapacitor"; Value = "Ceramic capacitor"; VariantName = "[No Variations]"
Add component (AddParameter): Name = "TypeDielectric"; Value = "X7R"; VariantName = "[No Variations]"
Add component (AddParameter): Name = "Value"; Value = "0.1uF"; VariantName = "[No Variations]"
Add component (AddParameter): Name = "ValueManufacturerPartNumber"; Value = "Ceramic capacitor, 0.1uF, X7R, ±10%, 50V, 1206, -55...+125°C"; VariantName = "[No Variations]"
Add component (AddParameter): Name = "Voltage"; Value = "50V"; VariantName = "[No Variations]"
Added Component: Designator=C2(D5C2H11)
Add component. Clean all parameters for all variants
Add component (AddParameter): Name = ""; Value = ""; VariantName = "[No Variations]"
Add component (AddParameter): Name = "ComponentKind"; Value = ""; VariantName = "[No Variations]"
Add component (AddParameter): Name = "HelpURL"; Value = ""; VariantName = "[No Variations]"
Add component (AddParameter): Name = "Manufacturer"; Value = ""; VariantName = "[No Variations]"
Add component (AddParameter): Name = "Model"; Value = ""; VariantName = "[No Variations]"
Add component (AddParameter): Name = "Value"; Value = ""; VariantName = "[No Variations]"
Added Component: Designator=C3(CAP: TANTAL-D)
Add component. Clean all parameters for all variants
Add component (AddParameter): Name = "HelpURL"; Value = "https://www.digikey.com/product-detail/en/avx-corporation/TAJD476M035RNJV/478-12122-1-ND/8605695"; VariantName = "[No Variations]"
Add component (AddParameter): Name = "Impedance"; Value = "900mOhm"; VariantName = "[No Variations]"
Add component (AddParameter): Name = "Manufacturer"; Value = "AVX"; VariantName = "[No Variations]"
Add component (AddParameter): Name = "Package"; Value = "case D (7343)"; VariantName = "[No Variations]"
Add component (AddParameter): Name = "PartNumber"; Value = "TAJD476M035RNJV"; VariantName = "[No Variations]"
Add component (AddParameter): Name = "Temperature"; Value = "-55...+125°C"; VariantName = "[No Variations]"
Add component (AddParameter): Name = "Tolerance"; Value = "±20%"; VariantName = "[No Variations]"
Add component (AddParameter): Name = "TypeCapacitor"; Value = "Tantalum capacitor"; VariantName = "[No Variations]"
Add component (AddParameter): Name = "TypeDielectric"; Value = "X7R"; VariantName = "[No Variations]"
Add component (AddParameter): Name = "Value"; Value = "22?F"; VariantName = "[No Variations]"
Add component (AddParameter): Name = "ValueManufacturerPartNumber"; Value = "Tantalum capacitor, 22?F, 35V, ±20%, 900mOhm, case D (7343), -55...+125°C"; VariantName = "[No Variations]"
Add component (AddParameter): Name = "Voltage"; Value = "35V"; VariantName = "[No Variations]"
Added Component: Designator=C4(CAP: 1206)
Add component. Clean all parameters for all variants
Add component (AddParameter): Name = "HelpURL"; Value = "https://www.digikey.com/product-detail/en/yageo/CC1206KRX7R9BB104/311-1179-1-ND/303089"; VariantName = "[No Variations]"
Add component (AddParameter): Name = "Manufacturer"; Value = "Yageo"; VariantName = "[No Variations]"
Add component (AddParameter): Name = "Package"; Value = "1206"; VariantName = "[No Variations]"
Add component (AddParameter): Name = "PartNumber"; Value = "CC1206KRX7R9BB104"; VariantName = "[No Variations]"
Add component (AddParameter): Name = "Temperature"; Value = "-55...+125°C"; VariantName = "[No Variations]"
Add component (AddParameter): Name = "Tolerance"; Value = "±10%"; VariantName = "[No Variations]"
Add component (AddParameter): Name = "TypeCapacitor"; Value = "Ceramic capacitor"; VariantName = "[No Variations]"
Add component (AddParameter): Name = "TypeDielectric"; Value = "X7R"; VariantName = "[No Variations]"
Add component (AddParameter): Name = "Value"; Value = "0.1uF"; VariantName = "[No Variations]"
Add component (AddParameter): Name = "ValueManufacturerPartNumber"; Value = "Ceramic capacitor, 0.1uF, X7R, ±10%, 50V, 1206, -55...+125°C"; VariantName = "[No Variations]"
Add component (AddParameter): Name = "Voltage"; Value = "50V"; VariantName = "[No Variations]"
Added Component: Designator=C5(CAP: 1206)
Add component. Clean all parameters for all variants
Add component (AddParameter): Name = "HelpURL"; Value = "https://www.digikey.com/product-detail/en/yageo/CC1206KRX7R9BB104/311-1179-1-ND/303089"; VariantName = "[No Variations]"
Add component (AddParameter): Name = "Manufacturer"; Value = "Yageo"; VariantName = "[No Variations]"
Add component (AddParameter): Name = "Package"; Value = "1206"; VariantName = "[No Variations]"
Add component (AddParameter): Name = "PartNumber"; Value = "CC1206KRX7R9BB104"; VariantName = "[No Variations]"
Add component (AddParameter): Name = "Temperature"; Value = "-55...+125°C"; VariantName = "[No Variations]"
Add component (AddParameter): Name = "Tolerance"; Value = "±10%"; VariantName = "[No Variations]"
Add component (AddParameter): Name = "TypeCapacitor"; Value = "Ceramic capacitor"; VariantName = "[No Variations]"
Add component (AddParameter): Name = "TypeDielectric"; Value = "X7R"; VariantName = "[No Variations]"
Add component (AddParameter): Name = "Value"; Value = "0.1uF"; VariantName = "[No Variations]"
Add component (AddParameter): Name = "ValueManufacturerPartNumber"; Value = "Ceramic capacitor, 0.1uF, X7R, ±10%, 50V, 1206, -55...+125°C"; VariantName = "[No Variations]"
Add component (AddParameter): Name = "Voltage"; Value = "50V"; VariantName = "[No Variations]"
Added Component: Designator=C6(CAP: 1206)
Add component. Clean all parameters for all variants
Add component (AddParameter): Name = "HelpURL"; Value = "https://www.digikey.com/product-detail/en/yageo/CC1206KRX7R9BB104/311-1179-1-ND/303089"; VariantName = "[No Variations]"
Add component (AddParameter): Name = "Manufacturer"; Value = "Yageo"; VariantName = "[No Variations]"
Add component (AddParameter): Name = "Package"; Value = "1206"; VariantName = "[No Variations]"
Add component (AddParameter): Name = "PartNumber"; Value = "CC1206KRX7R9BB104"; VariantName = "[No Variations]"
Add component (AddParameter): Name = "Temperature"; Value = "-55...+125°C"; VariantName = "[No Variations]"
Add component (AddParameter): Name = "Tolerance"; Value = "±10%"; VariantName = "[No Variations]"
Add component (AddParameter): Name = "TypeCapacitor"; Value = "Ceramic capacitor"; VariantName = "[No Variations]"
Add component (AddParameter): Name = "TypeDielectric"; Value = "X7R"; VariantName = "[No Variations]"
Add component (AddParameter): Name = "Value"; Value = "0.1uF"; VariantName = "[No Variations]"
Add component (AddParameter): Name = "ValueManufacturerPartNumber"; Value = "Ceramic capacitor, 0.1uF, X7R, ±10%, 50V, 1206, -55...+125°C"; VariantName = "[No Variations]"
Add component (AddParameter): Name = "Voltage"; Value = "50V"; VariantName = "[No Variations]"
Added Component: Designator=C7(CAP: 1206)
Add component. Clean all parameters for all variants
Add component (AddParameter): Name = "HelpURL"; Value = "https://www.digikey.com/product-detail/en/yageo/CC1206KRX7R9BB104/311-1179-1-ND/303089"; VariantName = "[No Variations]"
Add component (AddParameter): Name = "Manufacturer"; Value = "Yageo"; VariantName = "[No Variations]"
Add component (AddParameter): Name = "Package"; Value = "1206"; VariantName = "[No Variations]"
Add component (AddParameter): Name = "PartNumber"; Value = "CC1206KRX7R9BB104"; VariantName = "[No Variations]"
Add component (AddParameter): Name = "Temperature"; Value = "-55...+125°C"; VariantName = "[No Variations]"
Add component (AddParameter): Name = "Tolerance"; Value = "±10%"; VariantName = "[No Variations]"
Add component (AddParameter): Name = "TypeCapacitor"; Value = "Ceramic capacitor"; VariantName = "[No Variations]"
Add component (AddParameter): Name = "TypeDielectric"; Value = "X7R"; VariantName = "[No Variations]"
Add component (AddParameter): Name = "Value"; Value = "0.1uF"; VariantName = "[No Variations]"
Add component (AddParameter): Name = "ValueManufacturerPartNumber"; Value = "Ceramic capacitor, 0.1uF, X7R, ±10%, 50V, 1206, -55...+125°C"; VariantName = "[No Variations]"
Add component (AddParameter): Name = "Voltage"; Value = "50V"; VariantName = "[No Variations]"
Added Component: Designator=C8(CH1206C)
Add component. Clean all parameters for all variants
Add component (AddParameter): Name = "ComponentKind"; Value = ""; VariantName = "[No Variations]"
Add component (AddParameter): Name = "HelpURL"; Value = ""; VariantName = "[No Variations]"
Add component (AddParameter): Name = "Manufacturer"; Value = ""; VariantName = "[No Variations]"
Add component (AddParameter): Name = "Model"; Value = ""; VariantName = "[No Variations]"
Add component (AddParameter): Name = "Value"; Value = ""; VariantName = "[No Variations]"
Added Component: Designator=C9(CH1206C)
Add component. Clean all parameters for all variants
Add component (AddParameter): Name = "ComponentKind"; Value = ""; VariantName = "[No Variations]"
Add component (AddParameter): Name = "HelpURL"; Value = ""; VariantName = "[No Variations]"
Add component (AddParameter): Name = "Manufacturer"; Value = ""; VariantName = "[No Variations]"
Add component (AddParameter): Name = "Model"; Value = ""; VariantName = "[No Variations]"
Add component (AddParameter): Name = "Value"; Value = ""; VariantName = "[No Variations]"
Added Component: Designator=C10(CH1206C)
Add component. Clean all parameters for all variants
Add component (AddParameter): Name = "ComponentKind"; Value = ""; VariantName = "[No Variations]"
Add component (AddParameter): Name = "HelpURL"; Value = ""; VariantName = "[No Variations]"
Add component (AddParameter): Name = "Manufacturer"; Value = ""; VariantName = "[No Variations]"
Add component (AddParameter): Name = "Model"; Value = ""; VariantName = "[No Variations]"
Add component (AddParameter): Name = "Value"; Value = ""; VariantName = "[No Variations]"
Added Component: Designator=C11(CH1206C)
Add component. Clean all parameters for all variants
Add component (AddParameter): Name = "ComponentKind"; Value = ""; VariantName = "[No Variations]"
Add component (AddParameter): Name = "HelpURL"; Value = ""; VariantName = "[No Variations]"
Add component (AddParameter): Name = "Manufacturer"; Value = ""; VariantName = "[No Variations]"
Add component (AddParameter): Name = "Model"; Value = ""; VariantName = "[No Variations]"
Add component (AddParameter): Name = "Value"; Value = ""; VariantName = "[No Variations]"
Added Component: Designator=C12(CH1206C)
Add component. Clean all parameters for all variants
Add component (AddParameter): Name = "ComponentKind"; Value = ""; VariantName = "[No Variations]"
Add component (AddParameter): Name = "HelpURL"; Value = ""; VariantName = "[No Variations]"
Add component (AddParameter): Name = "Manufacturer"; Value = ""; VariantName = "[No Variations]"
Add component (AddParameter): Name = "Model"; Value = ""; VariantName = "[No Variations]"
Add component (AddParameter): Name = "Value"; Value = ""; VariantName = "[No Variations]"
Added Component: Designator=C13(CAP: 1206)
Add component. Clean all parameters for all variants
Add component (AddParameter): Name = "HelpURL"; Value = "https://www.digikey.com/product-detail/en/yageo/CC1206KRX7R9BB104/311-1179-1-ND/303089"; VariantName = "[No Variations]"
Add component (AddParameter): Name = "Manufacturer"; Value = "Yageo"; VariantName = "[No Variations]"
Add component (AddParameter): Name = "Package"; Value = "1206"; VariantName = "[No Variations]"
Add component (AddParameter): Name = "PartNumber"; Value = "CC1206KRX7R9BB104"; VariantName = "[No Variations]"
Add component (AddParameter): Name = "Temperature"; Value = "-55...+125°C"; VariantName = "[No Variations]"
Add component (AddParameter): Name = "Tolerance"; Value = "±10%"; VariantName = "[No Variations]"
Add component (AddParameter): Name = "TypeCapacitor"; Value = "Ceramic capacitor"; VariantName = "[No Variations]"
Add component (AddParameter): Name = "TypeDielectric"; Value = "X7R"; VariantName = "[No Variations]"
Add component (AddParameter): Name = "Value"; Value = "0.1uF"; VariantName = "[No Variations]"
Add component (AddParameter): Name = "ValueManufacturerPartNumber"; Value = "Ceramic capacitor, 0.1uF, X7R, ±10%, 50V, 1206, -55...+125°C"; VariantName = "[No Variations]"
Add component (AddParameter): Name = "Voltage"; Value = "50V"; VariantName = "[No Variations]"
Added Component: Designator=C14(CAP: 1206)
Add component. Clean all parameters for all variants
Add component (AddParameter): Name = "HelpURL"; Value = "https://www.digikey.com/product-detail/en/yageo/CC1206KRX7R9BB104/311-1179-1-ND/303089"; VariantName = "[No Variations]"
Add component (AddParameter): Name = "Manufacturer"; Value = "Yageo"; VariantName = "[No Variations]"
Add component (AddParameter): Name = "Package"; Value = "1206"; VariantName = "[No Variations]"
Add component (AddParameter): Name = "PartNumber"; Value = "CC1206KRX7R9BB104"; VariantName = "[No Variations]"
Add component (AddParameter): Name = "Temperature"; Value = "-55...+125°C"; VariantName = "[No Variations]"
Add component (AddParameter): Name = "Tolerance"; Value = "±10%"; VariantName = "[No Variations]"
Add component (AddParameter): Name = "TypeCapacitor"; Value = "Ceramic capacitor"; VariantName = "[No Variations]"
Add component (AddParameter): Name = "TypeDielectric"; Value = "X7R"; VariantName = "[No Variations]"
Add component (AddParameter): Name = "Value"; Value = "0.1uF"; VariantName = "[No Variations]"
Add component (AddParameter): Name = "ValueManufacturerPartNumber"; Value = "Ceramic capacitor, 0.1uF, X7R, ±10%, 50V, 1206, -55...+125°C"; VariantName = "[No Variations]"
Add component (AddParameter): Name = "Voltage"; Value = "50V"; VariantName = "[No Variations]"
Added Component: Designator=C15(CAP: 1206)
Add component. Clean all parameters for all variants
Add component (AddParameter): Name = "HelpURL"; Value = "https://www.digikey.com/product-detail/en/yageo/CC1206KRX7R9BB104/311-1179-1-ND/303089"; VariantName = "[No Variations]"
Add component (AddParameter): Name = "Manufacturer"; Value = "Yageo"; VariantName = "[No Variations]"
Add component (AddParameter): Name = "Package"; Value = "1206"; VariantName = "[No Variations]"
Add component (AddParameter): Name = "PartNumber"; Value = "CC1206KRX7R9BB104"; VariantName = "[No Variations]"
Add component (AddParameter): Name = "Temperature"; Value = "-55...+125°C"; VariantName = "[No Variations]"
Add component (AddParameter): Name = "Tolerance"; Value = "±10%"; VariantName = "[No Variations]"
Add component (AddParameter): Name = "TypeCapacitor"; Value = "Ceramic capacitor"; VariantName = "[No Variations]"
Add component (AddParameter): Name = "TypeDielectric"; Value = "X7R"; VariantName = "[No Variations]"
Add component (AddParameter): Name = "Value"; Value = "0.1uF"; VariantName = "[No Variations]"
Add component (AddParameter): Name = "ValueManufacturerPartNumber"; Value = "Ceramic capacitor, 0.1uF, X7R, ±10%, 50V, 1206, -55...+125°C"; VariantName = "[No Variations]"
Add component (AddParameter): Name = "Voltage"; Value = "50V"; VariantName = "[No Variations]"
Added Component: Designator=C16(CAP: 1206)
Add component. Clean all parameters for all variants
Add component (AddParameter): Name = "HelpURL"; Value = "https://www.digikey.com/product-detail/en/yageo/CC1206KRX7R9BB104/311-1179-1-ND/303089"; VariantName = "[No Variations]"
Add component (AddParameter): Name = "Manufacturer"; Value = "Yageo"; VariantName = "[No Variations]"
Add component (AddParameter): Name = "Package"; Value = "1206"; VariantName = "[No Variations]"
Add component (AddParameter): Name = "PartNumber"; Value = "CC1206KRX7R9BB104"; VariantName = "[No Variations]"
Add component (AddParameter): Name = "Temperature"; Value = "-55...+125°C"; VariantName = "[No Variations]"
Add component (AddParameter): Name = "Tolerance"; Value = "±10%"; VariantName = "[No Variations]"
Add component (AddParameter): Name = "TypeCapacitor"; Value = "Ceramic capacitor"; VariantName = "[No Variations]"
Add component (AddParameter): Name = "TypeDielectric"; Value = "X7R"; VariantName = "[No Variations]"
Add component (AddParameter): Name = "Value"; Value = "0.1uF"; VariantName = "[No Variations]"
Add component (AddParameter): Name = "ValueManufacturerPartNumber"; Value = "Ceramic capacitor, 0.1uF, X7R, ±10%, 50V, 1206, -55...+125°C"; VariantName = "[No Variations]"
Add component (AddParameter): Name = "Voltage"; Value = "50V"; VariantName = "[No Variations]"
Added Component: Designator=C17(CAP: 1206)
Add component. Clean all parameters for all variants
Add component (AddParameter): Name = "HelpURL"; Value = "https://www.digikey.com/product-detail/en/yageo/CC1206KRX7R9BB104/311-1179-1-ND/303089"; VariantName = "[No Variations]"
Add component (AddParameter): Name = "Manufacturer"; Value = "Yageo"; VariantName = "[No Variations]"
Add component (AddParameter): Name = "Package"; Value = "1206"; VariantName = "[No Variations]"
Add component (AddParameter): Name = "PartNumber"; Value = "CC1206KRX7R9BB104"; VariantName = "[No Variations]"
Add component (AddParameter): Name = "Temperature"; Value = "-55...+125°C"; VariantName = "[No Variations]"
Add component (AddParameter): Name = "Tolerance"; Value = "±10%"; VariantName = "[No Variations]"
Add component (AddParameter): Name = "TypeCapacitor"; Value = "Ceramic capacitor"; VariantName = "[No Variations]"
Add component (AddParameter): Name = "TypeDielectric"; Value = "X7R"; VariantName = "[No Variations]"
Add component (AddParameter): Name = "Value"; Value = "4.7uF"; VariantName = "[No Variations]"
Add component (AddParameter): Name = "ValueManufacturerPartNumber"; Value = "Ceramic capacitor, 4.7uF, X7R, ±10%, 50V, 1206, -55...+125°C"; VariantName = "[No Variations]"
Add component (AddParameter): Name = "Voltage"; Value = "50V"; VariantName = "[No Variations]"
Added Component: Designator=D1(48-LQFP)
Add component. Clean all parameters for all variants
Add component (AddParameter): Name = "ComponentType"; Value = "IC microcontroller"; VariantName = "[No Variations]"
Add component (AddParameter): Name = "CoreProcessor"; Value = "Cortex-M3"; VariantName = "[No Variations]"
Add component (AddParameter): Name = "CoreSize"; Value = "32-Bit"; VariantName = "[No Variations]"
Add component (AddParameter): Name = "HelpURL"; Value = "https://www.digikey.com/product-detail/en/stmicroelectronics/STM32F103C8T6TR/497-17666-1-ND/7804402"; VariantName = "[No Variations]"
Add component (AddParameter): Name = "Manufacturer"; Value = "STMicroelectronics"; VariantName = "[No Variations]"
Add component (AddParameter): Name = "MemoryRAM"; Value = "20KB"; VariantName = "[No Variations]"
Add component (AddParameter): Name = "MemoryROM"; Value = "64KB"; VariantName = "[No Variations]"
Add component (AddParameter): Name = "Package"; Value = "48-LQFP"; VariantName = "[No Variations]"
Add component (AddParameter): Name = "PartNumber"; Value = "STM32F103C8T6"; VariantName = "[No Variations]"
Add component (AddParameter): Name = "Speed"; Value = "72MHz"; VariantName = "[No Variations]"
Add component (AddParameter): Name = "Supply"; Value = "2...3.6V"; VariantName = "[No Variations]"
Add component (AddParameter): Name = "Temperature"; Value = "-40...+85°C"; VariantName = "[No Variations]"
Add component (AddParameter): Name = "ValueManufacturerPartNumber"; Value = "IC microcontroller, 32-Bit, Cortex-M3, 72MHz, 64KB, 20KB, 2...3.6V, -40...+85°C, 48-LQFP"; VariantName = "[No Variations]"
Added Component: Designator=R1(CH1206R)
Add component. Clean all parameters for all variants
Add component (AddParameter): Name = "ComponentKind"; Value = ""; VariantName = "[No Variations]"
Add component (AddParameter): Name = "HelpURL"; Value = ""; VariantName = "[No Variations]"
Add component (AddParameter): Name = "Manufacturer"; Value = ""; VariantName = "[No Variations]"
Add component (AddParameter): Name = "Model"; Value = ""; VariantName = "[No Variations]"
Add component (AddParameter): Name = "Value"; Value = ""; VariantName = "[No Variations]"
Added Component: Designator=R2(CH1206R)
Add component. Clean all parameters for all variants
Add component (AddParameter): Name = "ComponentKind"; Value = ""; VariantName = "[No Variations]"
Add component (AddParameter): Name = "HelpURL"; Value = ""; VariantName = "[No Variations]"
Add component (AddParameter): Name = "Manufacturer"; Value = ""; VariantName = "[No Variations]"
Add component (AddParameter): Name = "Model"; Value = ""; VariantName = "[No Variations]"
Add component (AddParameter): Name = "Value"; Value = ""; VariantName = "[No Variations]"
Added Component: Designator=R3(CH1206R)
Add component. Clean all parameters for all variants
Add component (AddParameter): Name = "ComponentKind"; Value = ""; VariantName = "[No Variations]"
Add component (AddParameter): Name = "HelpURL"; Value = ""; VariantName = "[No Variations]"
Add component (AddParameter): Name = "Manufacturer"; Value = ""; VariantName = "[No Variations]"
Add component (AddParameter): Name = "Model"; Value = ""; VariantName = "[No Variations]"
Add component (AddParameter): Name = "Value"; Value = ""; VariantName = "[No Variations]"
Added Component: Designator=SB1(BUT: SKQGADE010)
Add component. Clean all parameters for all variants
Add component (AddParameter): Name = "ComponentKind"; Value = ""; VariantName = "[No Variations]"
Add component (AddParameter): Name = "HelpURL"; Value = ""; VariantName = "[No Variations]"
Add component (AddParameter): Name = "Manufacturer"; Value = ""; VariantName = "[No Variations]"
Add component (AddParameter): Name = "Model"; Value = ""; VariantName = "[No Variations]"
Added Component: Designator=U(SOT229P700X180-4N)
Add component. Clean all parameters for all variants
Add component (AddParameter): Name = "Availability"; Value = "Unavailable"; VariantName = "[No Variations]"
Add component (AddParameter): Name = "MF"; Value = "Advanced Monolithic Systems"; VariantName = "[No Variations]"
Add component (AddParameter): Name = "MP"; Value = "AMS1117-3.3"; VariantName = "[No Variations]"
Add component (AddParameter): Name = "Package"; Value = "None"; VariantName = "[No Variations]"
Add component (AddParameter): Name = "Price"; Value = "None"; VariantName = "[No Variations]"
Add component (AddParameter): Name = "SnapEDA_Link"; Value = "https://www.snapeda.com/parts/AMS1117-3.3/Advanced%20Monolithic%20Systems/view-part/53450/?ref=snap"; VariantName = "[No Variations]"
Add component (AddParameter): Name = "Value"; Value = ""; VariantName = "[No Variations]"
Added Component: Designator=X1(CON: USB-A micro)
Add component. Clean all parameters for all variants
Add component (AddParameter): Name = "ComponentKind"; Value = "type micro A"; VariantName = "[No Variations]"
Add component (AddParameter): Name = "HelpURL"; Value = "https://lcsc.com/product-detail/USB-Connectors_HRS_ZX62-B-5PA-33_ZX62-B-5PA-33_C132561.html"; VariantName = "[No Variations]"
Add component (AddParameter): Name = "Manufacturer"; Value = "Hirose"; VariantName = "[No Variations]"
Add component (AddParameter): Name = "Model"; Value = "ZX62-B-5PA"; VariantName = "[No Variations]"
Added Component: Designator=X2(CON: PLS-2)
Add component. Clean all parameters for all variants
Add component (AddParameter): Name = "ComponentKind"; Value = ""; VariantName = "[No Variations]"
Add component (AddParameter): Name = "HelpURL"; Value = ""; VariantName = "[No Variations]"
Add component (AddParameter): Name = "Manufacturer"; Value = ""; VariantName = "[No Variations]"
Add component (AddParameter): Name = "Model"; Value = ""; VariantName = "[No Variations]"
Added Component: Designator=X3(CON: PLS-5)
Add component. Clean all parameters for all variants
Add component (AddParameter): Name = "ComponentKind"; Value = ""; VariantName = "[No Variations]"
Add component (AddParameter): Name = "HelpURL"; Value = ""; VariantName = "[No Variations]"
Add component (AddParameter): Name = "Manufacturer"; Value = ""; VariantName = "[No Variations]"
Add component (AddParameter): Name = "Model"; Value = ""; VariantName = "[No Variations]"
Added Component: Designator=X4(CON: PLS-2)
Add component. Clean all parameters for all variants
Add component (AddParameter): Name = "ComponentKind"; Value = ""; VariantName = "[No Variations]"
Add component (AddParameter): Name = "HelpURL"; Value = ""; VariantName = "[No Variations]"
Add component (AddParameter): Name = "Manufacturer"; Value = ""; VariantName = "[No Variations]"
Add component (AddParameter): Name = "Model"; Value = ""; VariantName = "[No Variations]"
Added Component: Designator=X5(CON: WJ06-03P)
Add component. Clean all parameters for all variants
Add component (AddParameter): Name = "ComponentKind"; Value = ""; VariantName = "[No Variations]"
Add component (AddParameter): Name = "HelpURL"; Value = ""; VariantName = "[No Variations]"
Add component (AddParameter): Name = "Manufacturer"; Value = ""; VariantName = "[No Variations]"
Add component (AddParameter): Name = "Model"; Value = ""; VariantName = "[No Variations]"
Added Component: Designator=X6(CON: WJ06-04P)
Add component. Clean all parameters for all variants
Add component (AddParameter): Name = "ComponentKind"; Value = ""; VariantName = "[No Variations]"
Add component (AddParameter): Name = "HelpURL"; Value = ""; VariantName = "[No Variations]"
Add component (AddParameter): Name = "Manufacturer"; Value = ""; VariantName = "[No Variations]"
Add component (AddParameter): Name = "Model"; Value = ""; VariantName = "[No Variations]"
Added Component: Designator=Z1(OSC: 3215)
Add component. Clean all parameters for all variants
Add component (AddParameter): Name = "Frequency"; Value = "32.768kHz"; VariantName = "[No Variations]"
Add component (AddParameter): Name = "HelpURL"; Value = "https://www.digikey.com/product-detail/en/epson/FC-135-32.7680KA-A5/SER4103CT-ND/6188447"; VariantName = "[No Variations]"
Add component (AddParameter): Name = "LoadCapacitance"; Value = "12.5pF"; VariantName = "[No Variations]"
Add component (AddParameter): Name = "Manufacturer"; Value = "Epson"; VariantName = "[No Variations]"
Add component (AddParameter): Name = "Package"; Value = "case 3215"; VariantName = "[No Variations]"
Add component (AddParameter): Name = "PartNumber"; Value = "FC-135 32.7680KA-A5"; VariantName = "[No Variations]"
Add component (AddParameter): Name = "Temperature"; Value = "-40...+85°C"; VariantName = "[No Variations]"
Add component (AddParameter): Name = "Tolerance"; Value = "±20ppm"; VariantName = "[No Variations]"
Add component (AddParameter): Name = "TypeOscilator"; Value = "Crystal"; VariantName = "[No Variations]"
Add component (AddParameter): Name = "ValueManufacturerPartNumber"; Value = "Crystal, 32.768kHz, 12.5pF, ±20ppm, case 3215, -40...+85°C"; VariantName = "[No Variations]"
Added Component: Designator=Z2(OSC: 3215)
Add component. Clean all parameters for all variants
Add component (AddParameter): Name = "ComponentKind"; Value = ""; VariantName = "[No Variations]"
Add component (AddParameter): Name = "HelpURL"; Value = ""; VariantName = "[No Variations]"
Add component (AddParameter): Name = "Manufacturer"; Value = ""; VariantName = "[No Variations]"
Add component (AddParameter): Name = "Model"; Value = ""; VariantName = "[No Variations]"
Add component (AddParameter): Name = "Value"; Value = ""; VariantName = "[No Variations]"
Added Pin To Net: NetName=GND Pin=BF1-2
Added Pin To Net: NetName=GND Pin=BT1-1
Added Pin To Net: NetName=GND Pin=C1-1
Added Pin To Net: NetName=GND Pin=C2-2
Added Pin To Net: NetName=GND Pin=C3-1
Added Pin To Net: NetName=GND Pin=C4-1
Added Pin To Net: NetName=GND Pin=C5-1
Added Pin To Net: NetName=GND Pin=C6-1
Added Pin To Net: NetName=GND Pin=C7-1
Added Pin To Net: NetName=GND Pin=C8-2
Added Pin To Net: NetName=GND Pin=C9-2
Added Pin To Net: NetName=GND Pin=C10-1
Added Pin To Net: NetName=GND Pin=C11-1
Added Pin To Net: NetName=GND Pin=C12-1
Added Pin To Net: NetName=GND Pin=C13-1
Added Pin To Net: NetName=GND Pin=C14-1
Added Pin To Net: NetName=GND Pin=C15-1
Added Pin To Net: NetName=GND Pin=C16-1
Added Pin To Net: NetName=GND Pin=C17-1
Added Pin To Net: NetName=GND Pin=D1-8
Added Pin To Net: NetName=GND Pin=D1-23
Added Pin To Net: NetName=GND Pin=D1-35
Added Pin To Net: NetName=GND Pin=D1-47
Added Pin To Net: NetName=GND Pin=R3-1
Added Pin To Net: NetName=GND Pin=SB1-1
Added Pin To Net: NetName=GND Pin=SB1-1
Added Pin To Net: NetName=GND Pin=U-1
Added Pin To Net: NetName=GND Pin=X1-0
Added Pin To Net: NetName=GND Pin=X1-0
Added Pin To Net: NetName=GND Pin=X1-0
Added Pin To Net: NetName=GND Pin=X1-0
Added Pin To Net: NetName=GND Pin=X1-0
Added Pin To Net: NetName=GND Pin=X1-0
Added Pin To Net: NetName=GND Pin=X1-5
Added Pin To Net: NetName=GND Pin=X3-5
Added Pin To Net: NetName=GND Pin=X4-2
Added Pin To Net: NetName=GND Pin=X5-3
Added Pin To Net: NetName=GND Pin=X6-4
Added Pin To Net: NetName=+5V Pin=X1-1
Added Pin To Net: NetName=+5V Pin=X2-1
Added Net: Name=+5V
Added Pin To Net: NetName=BOOT Pin=D1-44
Added Pin To Net: NetName=BOOT Pin=R3-2
Added Net: Name=BOOT
Added Pin To Net: NetName=BTN_SPEED Pin=D1-31
Added Pin To Net: NetName=BTN_SPEED Pin=R2-2
Added Net: Name=BTN_SPEED
Added Pin To Net: NetName=BUZZER Pin=BF1-1
Added Pin To Net: NetName=BUZZER Pin=D1-43
Added Net: Name=BUZZER
Added Pin To Net: NetName=JS_BTN Pin=D1-12
Added Pin To Net: NetName=JS_BTN Pin=R1-2
Added Net: Name=JS_BTN
Added Pin To Net: NetName=JS_X Pin=D1-10
Added Pin To Net: NetName=JS_X Pin=X3-2
Added Net: Name=JS_X
Added Pin To Net: NetName=JS_Y Pin=D1-11
Added Pin To Net: NetName=JS_Y Pin=X3-3
Added Net: Name=JS_Y
Added Pin To Net: NetName=LED_OUT Pin=D1-38
Added Pin To Net: NetName=LED_OUT Pin=X5-2
Added Net: Name=LED_OUT
Added Pin To Net: NetName=NetC1_2 Pin=C1-2
Added Pin To Net: NetName=NetC1_2 Pin=C2-1
Added Pin To Net: NetName=NetC1_2 Pin=U-3
Added Pin To Net: NetName=NetC1_2 Pin=X2-2
Added Net: Name=NetC1_2
Added Pin To Net: NetName=NetC5_2 Pin=C5-2
Added Pin To Net: NetName=NetC5_2 Pin=R1-1
Added Pin To Net: NetName=NetC5_2 Pin=X3-4
Added Net: Name=NetC5_2
Added Pin To Net: NetName=NetC7_2 Pin=C7-2
Added Pin To Net: NetName=NetC7_2 Pin=R2-1
Added Pin To Net: NetName=NetC7_2 Pin=X4-1
Added Net: Name=NetC7_2
Added Pin To Net: NetName=NetC10_2 Pin=C10-2
Added Pin To Net: NetName=NetC10_2 Pin=D1-5
Added Pin To Net: NetName=NetC10_2 Pin=Z2-1
Added Net: Name=NetC10_2
Added Pin To Net: NetName=NetC12_2 Pin=C12-2
Added Pin To Net: NetName=NetC12_2 Pin=D1-6
Added Pin To Net: NetName=NetC12_2 Pin=Z2-3
Added Net: Name=NetC12_2
Added Pin To Net: NetName=OSC32_IN Pin=C8-1
Added Pin To Net: NetName=OSC32_IN Pin=D1-3
Added Pin To Net: NetName=OSC32_IN Pin=Z1-1
Added Net: Name=OSC32_IN
Added Pin To Net: NetName=OSC32_OUT Pin=C9-1
Added Pin To Net: NetName=OSC32_OUT Pin=D1-4
Added Pin To Net: NetName=OSC32_OUT Pin=Z1-2
Added Net: Name=OSC32_OUT
Added Pin To Net: NetName=RST Pin=C11-2
Added Pin To Net: NetName=RST Pin=D1-7
Added Pin To Net: NetName=RST Pin=SB1-2
Added Pin To Net: NetName=RST Pin=SB1-2
Added Net: Name=RST
Added Pin To Net: NetName=SWCLK Pin=D1-37
Added Pin To Net: NetName=SWCLK Pin=X6-2
Added Net: Name=SWCLK
Added Pin To Net: NetName=SWDIO Pin=D1-34
Added Pin To Net: NetName=SWDIO Pin=X6-3
Added Net: Name=SWDIO
Added Pin To Net: NetName=VBAT Pin=BT1-2
Added Pin To Net: NetName=VBAT Pin=C6-2
Added Pin To Net: NetName=VBAT Pin=D1-1
Added Net: Name=VBAT
Added Pin To Net: NetName=VDD Pin=C3-2
Added Pin To Net: NetName=VDD Pin=C4-2
Added Pin To Net: NetName=VDD Pin=C13-2
Added Pin To Net: NetName=VDD Pin=C14-2
Added Pin To Net: NetName=VDD Pin=C15-2
Added Pin To Net: NetName=VDD Pin=C16-2
Added Pin To Net: NetName=VDD Pin=C17-2
Added Pin To Net: NetName=VDD Pin=D1-9
Added Pin To Net: NetName=VDD Pin=D1-24
Added Pin To Net: NetName=VDD Pin=D1-36
Added Pin To Net: NetName=VDD Pin=D1-48
Added Pin To Net: NetName=VDD Pin=U-2
Added Pin To Net: NetName=VDD Pin=X3-1
Added Pin To Net: NetName=VDD Pin=X5-1
Added Pin To Net: NetName=VDD Pin=X6-1
Added Net: Name=VDD
Added Class: Name=Sheet1
Added Room: Name=Sheet1
